chap02/app/build/intermediates/manifest_merge_blame_file/debug/manifest-merger-blame-debug-report.txt
1<?xml version="1.0" encoding="utf-8"?>
2<manifest xmlns:android="http://schemas.android.com/apk/res/android"
3    package="com.example.graphicsSetup"
4    android:versionCode="1"
5    android:versionName="1.0" >
6
7    <uses-sdk
8        android:minSdkVersion="21"
9        android:targetSdkVersion="34" />
10
11    <uses-feature
11-->src/main/AndroidManifest.xml:4:2-74
12        android:glEsVersion="0x00020000"
12-->src/main/AndroidManifest.xml:4:16-48
13        android:required="true" />
13-->src/main/AndroidManifest.xml:4:49-72
14
15    <application
15-->src/main/AndroidManifest.xml:5:2-14:16
16        android:allowBackup="true"
16-->src/main/AndroidManifest.xml:6:3-29
17        android:debuggable="true"
18        android:extractNativeLibs="true"
19        android:label="NDK-GraphicSetup" >
19-->src/main/AndroidManifest.xml:7:3-35
20        <activity
20-->src/main/AndroidManifest.xml:8:3-13:14
21            android:name="com.example.graphicsSetup.MainActivity"
21-->src/main/AndroidManifest.xml:8:13-66
22            android:exported="true" >
22-->src/main/AndroidManifest.xml:8:67-90
23            <intent-filter>
23-->src/main/AndroidManifest.xml:9:4-12:20
24                <action android:name="android.intent.action.MAIN" />
24-->src/main/AndroidManifest.xml:10:5-56
24-->src/main/AndroidManifest.xml:10:13-54
25
26                <category android:name="android.intent.category.LAUNCHER" />
26-->src/main/AndroidManifest.xml:11:5-64
26-->src/main/AndroidManifest.xml:11:15-62
27            </intent-filter>
28        </activity>
29    </application>
30
31</manifest>